{"/Users/jonathantsai/codesmith/ECRI-40-OSP-4/server/server.ts": {"path":"/Users/jonathantsai/codesmith/ECRI-40-OSP-4/server/server.ts","statementMap":{"0":{"start":{"line":13,"column":12},"end":{"line":13,"column":21}},"1":{"start":{"line":14,"column":0},"end":{"line":14,"column":24}},"2":{"start":{"line":15,"column":0},"end":{"line":15,"column":24}},"3":{"start":{"line":16,"column":0},"end":{"line":16,"column":27}},"4":{"start":{"line":17,"column":0},"end":{"line":17,"column":16}},"5":{"start":{"line":33,"column":0},"end":{"line":37,"column":3}},"6":{"start":{"line":34,"column":2},"end":{"line":36,"column":63}},"7":{"start":{"line":40,"column":0},"end":{"line":40,"column":29}},"8":{"start":{"line":43,"column":0},"end":{"line":43,"column":35}},"9":{"start":{"line":46,"column":0},"end":{"line":46,"column":33}},"10":{"start":{"line":49,"column":0},"end":{"line":52,"column":3}},"11":{"start":{"line":50,"column":2},"end":{"line":50,"column":21}},"12":{"start":{"line":51,"column":2},"end":{"line":51,"column":43}},"13":{"start":{"line":55,"column":0},"end":{"line":71,"column":2}},"14":{"start":{"line":62,"column":23},"end":{"line":66,"column":5}},"15":{"start":{"line":67,"column":21},"end":{"line":67,"column":51}},"16":{"start":{"line":68,"column":4},"end":{"line":68,"column":30}},"17":{"start":{"line":69,"column":4},"end":{"line":69,"column":62}},"18":{"start":{"line":74,"column":0},"end":{"line":76,"column":3}},"19":{"start":{"line":75,"column":2},"end":{"line":75,"column":55}}},"fnMap":{"0":{"name":"(anonymous_0)","decl":{"start":{"line":33,"column":13},"end":{"line":33,"column":14}},"loc":{"start":{"line":33,"column":46},"end":{"line":37,"column":1}},"line":33},"1":{"name":"(anonymous_1)","decl":{"start":{"line":49,"column":13},"end":{"line":49,"column":14}},"loc":{"start":{"line":49,"column":46},"end":{"line":52,"column":1}},"line":49},"2":{"name":"(anonymous_2)","decl":{"start":{"line":56,"column":2},"end":{"line":56,"column":3}},"loc":{"start":{"line":61,"column":7},"end":{"line":70,"column":3}},"line":61},"3":{"name":"(anonymous_3)","decl":{"start":{"line":74,"column":17},"end":{"line":74,"column":18}},"loc":{"start":{"line":74,"column":23},"end":{"line":76,"column":1}},"line":74}},"branchMap":{},"s":{"0":1,"1":1,"2":1,"3":1,"4":1,"5":1,"6":1,"7":1,"8":1,"9":1,"10":1,"11":1,"12":1,"13":1,"14":0,"15":0,"16":0,"17":0,"18":1,"19":1},"f":{"0":1,"1":1,"2":0,"3":1},"b":{},"_coverageSchema":"1a1c01bbd47fc00a2c39e90264f33305004495a9","hash":"818f7b59893e52734d405234d3c893a9d7aeb365"}
,"/Users/jonathantsai/codesmith/ECRI-40-OSP-4/server/controllers/grafanaController.ts": {"path":"/Users/jonathantsai/codesmith/ECRI-40-OSP-4/server/controllers/grafanaController.ts","statementMap":{"0":{"start":{"line":7,"column":15},"end":{"line":7,"column":27}},"1":{"start":{"line":8,"column":16},"end":{"line":8,"column":25}},"2":{"start":{"line":9,"column":23},"end":{"line":9,"column":30}},"3":{"start":{"line":12,"column":18},"end":{"line":19,"column":1}},"4":{"start":{"line":13,"column":22},"end":{"line":13,"column":32}},"5":{"start":{"line":14,"column":29},"end":{"line":14,"column":31}},"6":{"start":{"line":15,"column":34},"end":{"line":15,"column":64}},"7":{"start":{"line":16,"column":15},"end":{"line":16,"column":52}},"8":{"start":{"line":17,"column":13},"end":{"line":17,"column":24}},"9":{"start":{"line":18,"column":2},"end":{"line":18,"column":22}},"10":{"start":{"line":25,"column":2},"end":{"line":39,"column":3}},"11":{"start":{"line":28,"column":21},"end":{"line":30,"column":5}},"12":{"start":{"line":31,"column":23},"end":{"line":31,"column":36}},"13":{"start":{"line":32,"column":22},"end":{"line":32,"column":42}},"14":{"start":{"line":33,"column":25},"end":{"line":33,"column":38}},"15":{"start":{"line":34,"column":19},"end":{"line":34,"column":50}},"16":{"start":{"line":35,"column":25},"end":{"line":35,"column":61}},"17":{"start":{"line":36,"column":4},"end":{"line":36,"column":42}},"18":{"start":{"line":38,"column":4},"end":{"line":38,"column":16}},"19":{"start":{"line":42,"column":30},"end":{"line":56,"column":1}},"20":{"start":{"line":43,"column":23},"end":{"line":43,"column":34}},"21":{"start":{"line":44,"column":2},"end":{"line":55,"column":3}},"22":{"start":{"line":45,"column":43},"end":{"line":45,"column":64}},"23":{"start":{"line":46,"column":16},"end":{"line":46,"column":179}},"24":{"start":{"line":47,"column":4},"end":{"line":47,"column":25}},"25":{"start":{"line":48,"column":4},"end":{"line":48,"column":18}},"26":{"start":{"line":50,"column":4},"end":{"line":54,"column":7}},"27":{"start":{"line":58,"column":33},"end":{"line":72,"column":1}},"28":{"start":{"line":59,"column":23},"end":{"line":59,"column":34}},"29":{"start":{"line":60,"column":2},"end":{"line":71,"column":3}},"30":{"start":{"line":61,"column":43},"end":{"line":61,"column":64}},"31":{"start":{"line":62,"column":16},"end":{"line":62,"column":129}},"32":{"start":{"line":63,"column":4},"end":{"line":63,"column":25}},"33":{"start":{"line":64,"column":4},"end":{"line":64,"column":18}},"34":{"start":{"line":66,"column":4},"end":{"line":70,"column":7}}},"fnMap":{"0":{"name":"(anonymous_0)","decl":{"start":{"line":12,"column":18},"end":{"line":12,"column":19}},"loc":{"start":{"line":12,"column":24},"end":{"line":19,"column":1}},"line":12},"1":{"name":"getDashboard","decl":{"start":{"line":21,"column":15},"end":{"line":21,"column":27}},"loc":{"start":{"line":24,"column":3},"end":{"line":40,"column":1}},"line":24},"2":{"name":"(anonymous_2)","decl":{"start":{"line":42,"column":30},"end":{"line":42,"column":31}},"loc":{"start":{"line":42,"column":56},"end":{"line":56,"column":1}},"line":42},"3":{"name":"(anonymous_3)","decl":{"start":{"line":58,"column":33},"end":{"line":58,"column":34}},"loc":{"start":{"line":58,"column":59},"end":{"line":72,"column":1}},"line":58}},"branchMap":{},"s":{"0":1,"1":1,"2":1,"3":1,"4":2,"5":2,"6":2,"7":2,"8":2,"9":2,"10":2,"11":2,"12":2,"13":2,"14":2,"15":2,"16":2,"17":2,"18":0,"19":1,"20":1,"21":1,"22":1,"23":1,"24":1,"25":1,"26":0,"27":1,"28":1,"29":1,"30":1,"31":1,"32":1,"33":1,"34":0},"f":{"0":2,"1":2,"2":1,"3":1},"b":{},"_coverageSchema":"1a1c01bbd47fc00a2c39e90264f33305004495a9","hash":"c1b53ef7a88619dfd802247ba6f0f2c41d3e9b77"}
,"/Users/jonathantsai/codesmith/ECRI-40-OSP-4/server/controllers/initializationController.ts": {"path":"/Users/jonathantsai/codesmith/ECRI-40-OSP-4/server/controllers/initializationController.ts","statementMap":{"0":{"start":{"line":16,"column":26},"end":{"line":36,"column":1}},"1":{"start":{"line":18,"column":2},"end":{"line":33,"column":3}},"2":{"start":{"line":19,"column":32},"end":{"line":22,"column":20}},"3":{"start":{"line":24,"column":60},"end":{"line":26,"column":13}},"4":{"start":{"line":25,"column":19},"end":{"line":25,"column":33}},"5":{"start":{"line":28,"column":4},"end":{"line":30,"column":31}},"6":{"start":{"line":29,"column":22},"end":{"line":29,"column":49}},"7":{"start":{"line":30,"column":19},"end":{"line":30,"column":29}},"8":{"start":{"line":32,"column":4},"end":{"line":32,"column":24}},"9":{"start":{"line":35,"column":2},"end":{"line":35,"column":13}},"10":{"start":{"line":38,"column":15},"end":{"line":38,"column":27}},"11":{"start":{"line":39,"column":16},"end":{"line":39,"column":25}},"12":{"start":{"line":40,"column":23},"end":{"line":40,"column":30}},"13":{"start":{"line":43,"column":20},"end":{"line":54,"column":1}},"14":{"start":{"line":49,"column":2},"end":{"line":53,"column":4}},"15":{"start":{"line":57,"column":59},"end":{"line":57,"column":61}},"16":{"start":{"line":59,"column":0},"end":{"line":100,"column":2}},"17":{"start":{"line":64,"column":2},"end":{"line":99,"column":3}},"18":{"start":{"line":65,"column":21},"end":{"line":75,"column":6}},"19":{"start":{"line":77,"column":4},"end":{"line":87,"column":5}},"20":{"start":{"line":78,"column":19},"end":{"line":78,"column":40}},"21":{"start":{"line":79,"column":6},"end":{"line":79,"column":24}},"22":{"start":{"line":80,"column":6},"end":{"line":86,"column":8}},"23":{"start":{"line":89,"column":4},"end":{"line":89,"column":47}},"24":{"start":{"line":90,"column":4},"end":{"line":90,"column":18}},"25":{"start":{"line":92,"column":4},"end":{"line":98,"column":6}},"26":{"start":{"line":102,"column":0},"end":{"line":199,"column":2}},"27":{"start":{"line":107,"column":28},"end":{"line":114,"column":15}},"28":{"start":{"line":116,"column":28},"end":{"line":123,"column":15}},"29":{"start":{"line":125,"column":2},"end":{"line":160,"column":3}},"30":{"start":{"line":126,"column":4},"end":{"line":126,"column":39}},"31":{"start":{"line":127,"column":21},"end":{"line":137,"column":5}},"32":{"start":{"line":139,"column":4},"end":{"line":151,"column":5}},"33":{"start":{"line":140,"column":6},"end":{"line":150,"column":7}},"34":{"start":{"line":141,"column":21},"end":{"line":141,"column":42}},"35":{"start":{"line":142,"column":8},"end":{"line":142,"column":26}},"36":{"start":{"line":143,"column":8},"end":{"line":149,"column":10}},"37":{"start":{"line":153,"column":4},"end":{"line":159,"column":6}},"38":{"start":{"line":162,"column":2},"end":{"line":196,"column":3}},"39":{"start":{"line":163,"column":20},"end":{"line":173,"column":5}},"40":{"start":{"line":175,"column":4},"end":{"line":187,"column":5}},"41":{"start":{"line":176,"column":6},"end":{"line":186,"column":7}},"42":{"start":{"line":177,"column":21},"end":{"line":177,"column":41}},"43":{"start":{"line":178,"column":8},"end":{"line":178,"column":26}},"44":{"start":{"line":179,"column":8},"end":{"line":185,"column":10}},"45":{"start":{"line":189,"column":4},"end":{"line":195,"column":6}},"46":{"start":{"line":198,"column":2},"end":{"line":198,"column":16}}},"fnMap":{"0":{"name":"(anonymous_0)","decl":{"start":{"line":16,"column":26},"end":{"line":16,"column":27}},"loc":{"start":{"line":16,"column":42},"end":{"line":36,"column":1}},"line":16},"1":{"name":"(anonymous_1)","decl":{"start":{"line":25,"column":11},"end":{"line":25,"column":12}},"loc":{"start":{"line":25,"column":19},"end":{"line":25,"column":33}},"line":25},"2":{"name":"(anonymous_2)","decl":{"start":{"line":29,"column":14},"end":{"line":29,"column":15}},"loc":{"start":{"line":29,"column":22},"end":{"line":29,"column":49}},"line":29},"3":{"name":"(anonymous_3)","decl":{"start":{"line":30,"column":11},"end":{"line":30,"column":12}},"loc":{"start":{"line":30,"column":19},"end":{"line":30,"column":29}},"line":30},"4":{"name":"(anonymous_4)","decl":{"start":{"line":43,"column":20},"end":{"line":43,"column":21}},"loc":{"start":{"line":48,"column":18},"end":{"line":54,"column":1}},"line":48},"5":{"name":"(anonymous_5)","decl":{"start":{"line":59,"column":33},"end":{"line":59,"column":34}},"loc":{"start":{"line":63,"column":20},"end":{"line":100,"column":1}},"line":63},"6":{"name":"(anonymous_6)","decl":{"start":{"line":102,"column":45},"end":{"line":102,"column":46}},"loc":{"start":{"line":106,"column":20},"end":{"line":199,"column":1}},"line":106}},"branchMap":{"0":{"loc":{"start":{"line":47,"column":2},"end":{"line":47,"column":23}},"type":"default-arg","locations":[{"start":{"line":47,"column":20},"end":{"line":47,"column":23}}],"line":47},"1":{"loc":{"start":{"line":77,"column":4},"end":{"line":87,"column":5}},"type":"if","locations":[{"start":{"line":77,"column":4},"end":{"line":87,"column":5}},{"start":{},"end":{}}],"line":77},"2":{"loc":{"start":{"line":139,"column":4},"end":{"line":151,"column":5}},"type":"if","locations":[{"start":{"line":139,"column":4},"end":{"line":151,"column":5}},{"start":{},"end":{}}],"line":139},"3":{"loc":{"start":{"line":140,"column":6},"end":{"line":150,"column":7}},"type":"if","locations":[{"start":{"line":140,"column":6},"end":{"line":150,"column":7}},{"start":{},"end":{}}],"line":140},"4":{"loc":{"start":{"line":175,"column":4},"end":{"line":187,"column":5}},"type":"if","locations":[{"start":{"line":175,"column":4},"end":{"line":187,"column":5}},{"start":{},"end":{}}],"line":175},"5":{"loc":{"start":{"line":176,"column":6},"end":{"line":186,"column":7}},"type":"if","locations":[{"start":{"line":176,"column":6},"end":{"line":186,"column":7}},{"start":{},"end":{}}],"line":176}},"s":{"0":1,"1":3,"2":3,"3":3,"4":3,"5":3,"6":6,"7":3,"8":0,"9":3,"10":1,"11":1,"12":1,"13":1,"14":0,"15":1,"16":1,"17":1,"18":1,"19":1,"20":0,"21":0,"22":0,"23":1,"24":1,"25":0,"26":1,"27":1,"28":1,"29":1,"30":1,"31":1,"32":1,"33":1,"34":0,"35":0,"36":0,"37":0,"38":1,"39":1,"40":1,"41":1,"42":0,"43":0,"44":0,"45":0,"46":1},"f":{"0":3,"1":3,"2":6,"3":3,"4":0,"5":1,"6":1},"b":{"0":[0],"1":[0,1],"2":[1,0],"3":[0,1],"4":[1,0],"5":[0,1]},"_coverageSchema":"1a1c01bbd47fc00a2c39e90264f33305004495a9","hash":"d69379c22493e2b196c625c7caa8526c5e6bb114"}
,"/Users/jonathantsai/codesmith/ECRI-40-OSP-4/server/controllers/promController.ts": {"path":"/Users/jonathantsai/codesmith/ECRI-40-OSP-4/server/controllers/promController.ts","statementMap":{"0":{"start":{"line":5,"column":15},"end":{"line":5,"column":27}},"1":{"start":{"line":6,"column":16},"end":{"line":6,"column":25}},"2":{"start":{"line":7,"column":23},"end":{"line":7,"column":30}},"3":{"start":{"line":8,"column":0},"end":{"line":8,"column":32}},"4":{"start":{"line":10,"column":34},"end":{"line":29,"column":1}},"5":{"start":{"line":11,"column":2},"end":{"line":28,"column":3}},"6":{"start":{"line":12,"column":4},"end":{"line":12,"column":48}},"7":{"start":{"line":14,"column":21},"end":{"line":16,"column":5}},"8":{"start":{"line":18,"column":23},"end":{"line":18,"column":63}},"9":{"start":{"line":19,"column":53},"end":{"line":21,"column":6}},"10":{"start":{"line":20,"column":6},"end":{"line":20,"column":63}},"11":{"start":{"line":23,"column":4},"end":{"line":23,"column":32}},"12":{"start":{"line":24,"column":4},"end":{"line":24,"column":18}},"13":{"start":{"line":26,"column":4},"end":{"line":26,"column":21}},"14":{"start":{"line":27,"column":4},"end":{"line":27,"column":14}},"15":{"start":{"line":31,"column":31},"end":{"line":48,"column":1}},"16":{"start":{"line":32,"column":2},"end":{"line":47,"column":3}},"17":{"start":{"line":33,"column":4},"end":{"line":33,"column":41}},"18":{"start":{"line":35,"column":21},"end":{"line":37,"column":5}},"19":{"start":{"line":39,"column":23},"end":{"line":39,"column":63}},"20":{"start":{"line":40,"column":29},"end":{"line":40,"column":73}},"21":{"start":{"line":40,"column":54},"end":{"line":40,"column":72}},"22":{"start":{"line":42,"column":4},"end":{"line":42,"column":31}},"23":{"start":{"line":43,"column":4},"end":{"line":43,"column":18}},"24":{"start":{"line":45,"column":4},"end":{"line":45,"column":21}},"25":{"start":{"line":46,"column":4},"end":{"line":46,"column":14}},"26":{"start":{"line":50,"column":37},"end":{"line":70,"column":1}},"27":{"start":{"line":51,"column":2},"end":{"line":69,"column":20}},"28":{"start":{"line":52,"column":21},"end":{"line":54,"column":5}},"29":{"start":{"line":55,"column":26},"end":{"line":55,"column":51}},"30":{"start":{"line":57,"column":27},"end":{"line":57,"column":29}},"31":{"start":{"line":59,"column":4},"end":{"line":65,"column":7}},"32":{"start":{"line":60,"column":6},"end":{"line":64,"column":7}},"33":{"start":{"line":61,"column":8},"end":{"line":63,"column":9}},"34":{"start":{"line":62,"column":10},"end":{"line":62,"column":58}},"35":{"start":{"line":67,"column":4},"end":{"line":67,"column":47}},"36":{"start":{"line":68,"column":4},"end":{"line":68,"column":18}},"37":{"start":{"line":72,"column":34},"end":{"line":95,"column":1}},"38":{"start":{"line":73,"column":2},"end":{"line":94,"column":3}},"39":{"start":{"line":74,"column":21},"end":{"line":76,"column":5}},"40":{"start":{"line":77,"column":17},"end":{"line":77,"column":42}},"41":{"start":{"line":78,"column":21},"end":{"line":88,"column":5}},"42":{"start":{"line":80,"column":8},"end":{"line":84,"column":9}},"43":{"start":{"line":81,"column":10},"end":{"line":81,"column":54}},"44":{"start":{"line":83,"column":10},"end":{"line":83,"column":52}},"45":{"start":{"line":85,"column":8},"end":{"line":85,"column":19}},"46":{"start":{"line":90,"column":4},"end":{"line":90,"column":35}},"47":{"start":{"line":91,"column":4},"end":{"line":91,"column":18}},"48":{"start":{"line":93,"column":4},"end":{"line":93,"column":23}}},"fnMap":{"0":{"name":"(anonymous_0)","decl":{"start":{"line":10,"column":34},"end":{"line":10,"column":35}},"loc":{"start":{"line":10,"column":60},"end":{"line":29,"column":1}},"line":10},"1":{"name":"(anonymous_1)","decl":{"start":{"line":19,"column":68},"end":{"line":19,"column":69}},"loc":{"start":{"line":19,"column":78},"end":{"line":21,"column":5}},"line":19},"2":{"name":"(anonymous_2)","decl":{"start":{"line":31,"column":31},"end":{"line":31,"column":32}},"loc":{"start":{"line":31,"column":57},"end":{"line":48,"column":1}},"line":31},"3":{"name":"(anonymous_3)","decl":{"start":{"line":40,"column":44},"end":{"line":40,"column":45}},"loc":{"start":{"line":40,"column":54},"end":{"line":40,"column":72}},"line":40},"4":{"name":"(anonymous_4)","decl":{"start":{"line":50,"column":37},"end":{"line":50,"column":38}},"loc":{"start":{"line":50,"column":63},"end":{"line":70,"column":1}},"line":50},"5":{"name":"(anonymous_5)","decl":{"start":{"line":59,"column":26},"end":{"line":59,"column":27}},"loc":{"start":{"line":59,"column":47},"end":{"line":65,"column":5}},"line":59},"6":{"name":"(anonymous_6)","decl":{"start":{"line":72,"column":34},"end":{"line":72,"column":35}},"loc":{"start":{"line":72,"column":60},"end":{"line":95,"column":1}},"line":72},"7":{"name":"(anonymous_7)","decl":{"start":{"line":79,"column":6},"end":{"line":79,"column":7}},"loc":{"start":{"line":79,"column":61},"end":{"line":86,"column":7}},"line":79}},"branchMap":{"0":{"loc":{"start":{"line":60,"column":6},"end":{"line":64,"column":7}},"type":"if","locations":[{"start":{"line":60,"column":6},"end":{"line":64,"column":7}},{"start":{},"end":{}}],"line":60},"1":{"loc":{"start":{"line":61,"column":8},"end":{"line":63,"column":9}},"type":"if","locations":[{"start":{"line":61,"column":8},"end":{"line":63,"column":9}},{"start":{},"end":{}}],"line":61},"2":{"loc":{"start":{"line":80,"column":8},"end":{"line":84,"column":9}},"type":"if","locations":[{"start":{"line":80,"column":8},"end":{"line":84,"column":9}},{"start":{"line":82,"column":15},"end":{"line":84,"column":9}}],"line":80}},"s":{"0":1,"1":1,"2":1,"3":1,"4":1,"5":2,"6":2,"7":2,"8":2,"9":2,"10":20,"11":2,"12":2,"13":0,"14":0,"15":1,"16":0,"17":0,"18":0,"19":0,"20":0,"21":0,"22":0,"23":0,"24":0,"25":0,"26":1,"27":1,"28":1,"29":1,"30":1,"31":1,"32":50,"33":10,"34":10,"35":1,"36":1,"37":1,"38":1,"39":1,"40":1,"41":1,"42":10,"43":9,"44":1,"45":10,"46":1,"47":1,"48":0},"f":{"0":2,"1":20,"2":0,"3":0,"4":1,"5":50,"6":1,"7":10},"b":{"0":[10,40],"1":[10,0],"2":[9,1]},"_coverageSchema":"1a1c01bbd47fc00a2c39e90264f33305004495a9","hash":"f06597ac77bddb5d9e2dabde8bc6f6c5b56de821"}
,"/Users/jonathantsai/codesmith/ECRI-40-OSP-4/server/controllers/statusController.ts": {"path":"/Users/jonathantsai/codesmith/ECRI-40-OSP-4/server/controllers/statusController.ts","statementMap":{"0":{"start":{"line":12,"column":43},"end":{"line":12,"column":45}},"1":{"start":{"line":15,"column":20},"end":{"line":26,"column":1}},"2":{"start":{"line":21,"column":2},"end":{"line":25,"column":4}},"3":{"start":{"line":30,"column":0},"end":{"line":42,"column":2}},"4":{"start":{"line":35,"column":2},"end":{"line":35,"column":28}},"5":{"start":{"line":36,"column":2},"end":{"line":36,"column":46}},"6":{"start":{"line":38,"column":2},"end":{"line":38,"column":41}},"7":{"start":{"line":39,"column":2},"end":{"line":39,"column":59}},"8":{"start":{"line":41,"column":2},"end":{"line":41,"column":16}},"9":{"start":{"line":44,"column":0},"end":{"line":83,"column":2}},"10":{"start":{"line":49,"column":2},"end":{"line":49,"column":28}},"11":{"start":{"line":50,"column":2},"end":{"line":82,"column":3}},"12":{"start":{"line":51,"column":4},"end":{"line":79,"column":5}},"13":{"start":{"line":52,"column":6},"end":{"line":52,"column":21}},"14":{"start":{"line":53,"column":25},"end":{"line":53,"column":26}},"15":{"start":{"line":54,"column":25},"end":{"line":69,"column":13}},"16":{"start":{"line":55,"column":8},"end":{"line":67,"column":9}},"17":{"start":{"line":56,"column":10},"end":{"line":56,"column":36}},"18":{"start":{"line":57,"column":10},"end":{"line":57,"column":24}},"19":{"start":{"line":58,"column":15},"end":{"line":67,"column":9}},"20":{"start":{"line":59,"column":10},"end":{"line":59,"column":36}},"21":{"start":{"line":60,"column":10},"end":{"line":66,"column":12}},"22":{"start":{"line":68,"column":8},"end":{"line":68,"column":26}},"23":{"start":{"line":71,"column":6},"end":{"line":78,"column":8}},"24":{"start":{"line":81,"column":4},"end":{"line":81,"column":18}}},"fnMap":{"0":{"name":"(anonymous_0)","decl":{"start":{"line":15,"column":20},"end":{"line":15,"column":21}},"loc":{"start":{"line":20,"column":18},"end":{"line":26,"column":1}},"line":20},"1":{"name":"(anonymous_1)","decl":{"start":{"line":30,"column":31},"end":{"line":30,"column":32}},"loc":{"start":{"line":34,"column":11},"end":{"line":42,"column":1}},"line":34},"2":{"name":"(anonymous_2)","decl":{"start":{"line":44,"column":28},"end":{"line":44,"column":29}},"loc":{"start":{"line":48,"column":11},"end":{"line":83,"column":1}},"line":48},"3":{"name":"(anonymous_3)","decl":{"start":{"line":54,"column":37},"end":{"line":54,"column":38}},"loc":{"start":{"line":54,"column":49},"end":{"line":69,"column":7}},"line":54}},"branchMap":{"0":{"loc":{"start":{"line":19,"column":2},"end":{"line":19,"column":23}},"type":"default-arg","locations":[{"start":{"line":19,"column":20},"end":{"line":19,"column":23}}],"line":19},"1":{"loc":{"start":{"line":50,"column":2},"end":{"line":82,"column":3}},"type":"if","locations":[{"start":{"line":50,"column":2},"end":{"line":82,"column":3}},{"start":{"line":80,"column":9},"end":{"line":82,"column":3}}],"line":50},"2":{"loc":{"start":{"line":55,"column":8},"end":{"line":67,"column":9}},"type":"if","locations":[{"start":{"line":55,"column":8},"end":{"line":67,"column":9}},{"start":{"line":58,"column":15},"end":{"line":67,"column":9}}],"line":55},"3":{"loc":{"start":{"line":58,"column":15},"end":{"line":67,"column":9}},"type":"if","locations":[{"start":{"line":58,"column":15},"end":{"line":67,"column":9}},{"start":{},"end":{}}],"line":58}},"s":{"0":1,"1":1,"2":0,"3":1,"4":2,"5":2,"6":2,"7":2,"8":2,"9":1,"10":1,"11":1,"12":0,"13":0,"14":0,"15":0,"16":0,"17":0,"18":0,"19":0,"20":0,"21":0,"22":0,"23":0,"24":1},"f":{"0":0,"1":2,"2":1,"3":0},"b":{"0":[0],"1":[0,1],"2":[0,0],"3":[0,0]},"_coverageSchema":"1a1c01bbd47fc00a2c39e90264f33305004495a9","hash":"268f96ef00174abb7e73d7022d3c165218417f13"}
,"/Users/jonathantsai/codesmith/ECRI-40-OSP-4/server/controllers/helpers/statusHelpers.ts": {"path":"/Users/jonathantsai/codesmith/ECRI-40-OSP-4/server/controllers/helpers/statusHelpers.ts","statementMap":{"0":{"start":{"line":7,"column":21},"end":{"line":7,"column":31}},"1":{"start":{"line":8,"column":18},"end":{"line":8,"column":28}},"2":{"start":{"line":10,"column":20},"end":{"line":21,"column":1}},"3":{"start":{"line":16,"column":2},"end":{"line":20,"column":4}},"4":{"start":{"line":25,"column":30},"end":{"line":47,"column":1}},"5":{"start":{"line":30,"column":2},"end":{"line":46,"column":3}},"6":{"start":{"line":31,"column":24},"end":{"line":31,"column":73}},"7":{"start":{"line":32,"column":4},"end":{"line":32,"column":16}},"8":{"start":{"line":34,"column":4},"end":{"line":45,"column":5}},"9":{"start":{"line":35,"column":6},"end":{"line":42,"column":8}},"10":{"start":{"line":44,"column":6},"end":{"line":44,"column":19}},"11":{"start":{"line":49,"column":43},"end":{"line":125,"column":1}},"12":{"start":{"line":55,"column":2},"end":{"line":78,"column":3}},"13":{"start":{"line":56,"column":4},"end":{"line":64,"column":19}},"14":{"start":{"line":66,"column":4},"end":{"line":77,"column":5}},"15":{"start":{"line":67,"column":6},"end":{"line":74,"column":8}},"16":{"start":{"line":76,"column":6},"end":{"line":76,"column":19}},"17":{"start":{"line":81,"column":2},"end":{"line":81,"column":31}},"18":{"start":{"line":83,"column":2},"end":{"line":90,"column":3}},"19":{"start":{"line":84,"column":18},"end":{"line":84,"column":37}},"20":{"start":{"line":86,"column":4},"end":{"line":86,"column":61}},"21":{"start":{"line":86,"column":46},"end":{"line":86,"column":61}},"22":{"start":{"line":87,"column":4},"end":{"line":87,"column":58}},"23":{"start":{"line":87,"column":46},"end":{"line":87,"column":58}},"24":{"start":{"line":88,"column":4},"end":{"line":88,"column":64}},"25":{"start":{"line":88,"column":53},"end":{"line":88,"column":64}},"26":{"start":{"line":92,"column":2},"end":{"line":123,"column":3}},"27":{"start":{"line":92,"column":30},"end":{"line":92,"column":42}},"28":{"start":{"line":94,"column":4},"end":{"line":122,"column":5}},"29":{"start":{"line":95,"column":6},"end":{"line":118,"column":10}},"30":{"start":{"line":96,"column":8},"end":{"line":102,"column":10}},"31":{"start":{"line":103,"column":11},"end":{"line":118,"column":10}},"32":{"start":{"line":104,"column":8},"end":{"line":110,"column":10}},"33":{"start":{"line":111,"column":11},"end":{"line":118,"column":10}},"34":{"start":{"line":112,"column":8},"end":{"line":118,"column":10}},"35":{"start":{"line":119,"column":6},"end":{"line":121,"column":8}},"36":{"start":{"line":124,"column":2},"end":{"line":124,"column":15}},"37":{"start":{"line":128,"column":24},"end":{"line":178,"column":1}},"38":{"start":{"line":129,"column":2},"end":{"line":176,"column":3}},"39":{"start":{"line":130,"column":18},"end":{"line":132,"column":6}},"40":{"start":{"line":134,"column":4},"end":{"line":136,"column":7}},"41":{"start":{"line":135,"column":6},"end":{"line":135,"column":35}},"42":{"start":{"line":138,"column":4},"end":{"line":147,"column":7}},"43":{"start":{"line":139,"column":6},"end":{"line":146,"column":8}},"44":{"start":{"line":149,"column":4},"end":{"line":171,"column":7}},"45":{"start":{"line":150,"column":6},"end":{"line":170,"column":7}},"46":{"start":{"line":151,"column":8},"end":{"line":151,"column":15}},"47":{"start":{"line":152,"column":13},"end":{"line":170,"column":7}},"48":{"start":{"line":153,"column":8},"end":{"line":160,"column":10}},"49":{"start":{"line":162,"column":8},"end":{"line":169,"column":10}},"50":{"start":{"line":175,"column":4},"end":{"line":175,"column":23}},"51":{"start":{"line":177,"column":2},"end":{"line":177,"column":9}}},"fnMap":{"0":{"name":"(anonymous_0)","decl":{"start":{"line":10,"column":20},"end":{"line":10,"column":21}},"loc":{"start":{"line":15,"column":18},"end":{"line":21,"column":1}},"line":15},"1":{"name":"(anonymous_1)","decl":{"start":{"line":25,"column":30},"end":{"line":25,"column":31}},"loc":{"start":{"line":29,"column":21},"end":{"line":47,"column":1}},"line":29},"2":{"name":"(anonymous_2)","decl":{"start":{"line":49,"column":43},"end":{"line":49,"column":44}},"loc":{"start":{"line":53,"column":21},"end":{"line":125,"column":1}},"line":53},"3":{"name":"(anonymous_3)","decl":{"start":{"line":128,"column":24},"end":{"line":128,"column":25}},"loc":{"start":{"line":128,"column":54},"end":{"line":178,"column":1}},"line":128},"4":{"name":"(anonymous_4)","decl":{"start":{"line":134,"column":28},"end":{"line":134,"column":29}},"loc":{"start":{"line":134,"column":38},"end":{"line":136,"column":5}},"line":134},"5":{"name":"(anonymous_5)","decl":{"start":{"line":138,"column":31},"end":{"line":138,"column":32}},"loc":{"start":{"line":138,"column":40},"end":{"line":147,"column":5}},"line":138},"6":{"name":"(anonymous_6)","decl":{"start":{"line":149,"column":30},"end":{"line":149,"column":31}},"loc":{"start":{"line":149,"column":48},"end":{"line":171,"column":5}},"line":149}},"branchMap":{"0":{"loc":{"start":{"line":14,"column":2},"end":{"line":14,"column":23}},"type":"default-arg","locations":[{"start":{"line":14,"column":20},"end":{"line":14,"column":23}}],"line":14},"1":{"loc":{"start":{"line":28,"column":2},"end":{"line":28,"column":26}},"type":"default-arg","locations":[{"start":{"line":28,"column":22},"end":{"line":28,"column":26}}],"line":28},"2":{"loc":{"start":{"line":34,"column":4},"end":{"line":45,"column":5}},"type":"if","locations":[{"start":{"line":34,"column":4},"end":{"line":45,"column":5}},{"start":{"line":43,"column":11},"end":{"line":45,"column":5}}],"line":34},"3":{"loc":{"start":{"line":52,"column":2},"end":{"line":52,"column":26}},"type":"default-arg","locations":[{"start":{"line":52,"column":22},"end":{"line":52,"column":26}}],"line":52},"4":{"loc":{"start":{"line":66,"column":4},"end":{"line":77,"column":5}},"type":"if","locations":[{"start":{"line":66,"column":4},"end":{"line":77,"column":5}},{"start":{"line":75,"column":11},"end":{"line":77,"column":5}}],"line":66},"5":{"loc":{"start":{"line":83,"column":9},"end":{"line":83,"column":58}},"type":"binary-expr","locations":[{"start":{"line":83,"column":9},"end":{"line":83,"column":34}},{"start":{"line":83,"column":38},"end":{"line":83,"column":58}}],"line":83},"6":{"loc":{"start":{"line":83,"column":11},"end":{"line":83,"column":33}},"type":"binary-expr","locations":[{"start":{"line":83,"column":11},"end":{"line":83,"column":15}},{"start":{"line":83,"column":19},"end":{"line":83,"column":26}},{"start":{"line":83,"column":30},"end":{"line":83,"column":33}}],"line":83},"7":{"loc":{"start":{"line":86,"column":4},"end":{"line":86,"column":61}},"type":"if","locations":[{"start":{"line":86,"column":4},"end":{"line":86,"column":61}},{"start":{},"end":{}}],"line":86},"8":{"loc":{"start":{"line":87,"column":4},"end":{"line":87,"column":58}},"type":"if","locations":[{"start":{"line":87,"column":4},"end":{"line":87,"column":58}},{"start":{},"end":{}}],"line":87},"9":{"loc":{"start":{"line":88,"column":4},"end":{"line":88,"column":64}},"type":"if","locations":[{"start":{"line":88,"column":4},"end":{"line":88,"column":64}},{"start":{},"end":{}}],"line":88},"10":{"loc":{"start":{"line":92,"column":2},"end":{"line":123,"column":3}},"type":"if","locations":[{"start":{"line":92,"column":2},"end":{"line":123,"column":3}},{"start":{"line":93,"column":7},"end":{"line":123,"column":3}}],"line":92},"11":{"loc":{"start":{"line":92,"column":6},"end":{"line":92,"column":28}},"type":"binary-expr","locations":[{"start":{"line":92,"column":6},"end":{"line":92,"column":9}},{"start":{"line":92,"column":13},"end":{"line":92,"column":20}},{"start":{"line":92,"column":24},"end":{"line":92,"column":28}}],"line":92},"12":{"loc":{"start":{"line":94,"column":4},"end":{"line":122,"column":5}},"type":"if","locations":[{"start":{"line":94,"column":4},"end":{"line":122,"column":5}},{"start":{},"end":{}}],"line":94},"13":{"loc":{"start":{"line":95,"column":6},"end":{"line":118,"column":10}},"type":"if","locations":[{"start":{"line":95,"column":6},"end":{"line":118,"column":10}},{"start":{"line":103,"column":11},"end":{"line":118,"column":10}}],"line":95},"14":{"loc":{"start":{"line":103,"column":11},"end":{"line":118,"column":10}},"type":"if","locations":[{"start":{"line":103,"column":11},"end":{"line":118,"column":10}},{"start":{"line":111,"column":11},"end":{"line":118,"column":10}}],"line":103},"15":{"loc":{"start":{"line":111,"column":11},"end":{"line":118,"column":10}},"type":"if","locations":[{"start":{"line":111,"column":11},"end":{"line":118,"column":10}},{"start":{},"end":{}}],"line":111},"16":{"loc":{"start":{"line":150,"column":6},"end":{"line":170,"column":7}},"type":"if","locations":[{"start":{"line":150,"column":6},"end":{"line":170,"column":7}},{"start":{"line":152,"column":13},"end":{"line":170,"column":7}}],"line":150},"17":{"loc":{"start":{"line":152,"column":13},"end":{"line":170,"column":7}},"type":"if","locations":[{"start":{"line":152,"column":13},"end":{"line":170,"column":7}},{"start":{"line":161,"column":13},"end":{"line":170,"column":7}}],"line":152}},"s":{"0":1,"1":1,"2":1,"3":0,"4":1,"5":3,"6":3,"7":3,"8":0,"9":0,"10":0,"11":1,"12":3,"13":3,"14":0,"15":0,"16":0,"17":3,"18":3,"19":33,"20":33,"21":3,"22":33,"23":3,"24":33,"25":3,"26":3,"27":3,"28":0,"29":0,"30":0,"31":0,"32":0,"33":0,"34":0,"35":0,"36":0,"37":1,"38":0,"39":0,"40":0,"41":0,"42":0,"43":0,"44":0,"45":0,"46":0,"47":0,"48":0,"49":0,"50":0,"51":0},"f":{"0":0,"1":3,"2":3,"3":0,"4":0,"5":0,"6":0},"b":{"0":[0],"1":[3],"2":[0,0],"3":[2],"4":[0,0],"5":[36,33],"6":[36,12,3],"7":[3,30],"8":[3,30],"9":[3,30],"10":[3,0],"11":[3,3,3],"12":[0,0],"13":[0,0],"14":[0,0],"15":[0,0],"16":[0,0],"17":[0,0]},"_coverageSchema":"1a1c01bbd47fc00a2c39e90264f33305004495a9","hash":"24f71a1c743d9c98747ed040cbd0f41501141887"}
,"/Users/jonathantsai/codesmith/ECRI-40-OSP-4/server/routes/grafanaRouter.ts": {"path":"/Users/jonathantsai/codesmith/ECRI-40-OSP-4/server/routes/grafanaRouter.ts","statementMap":{"0":{"start":{"line":3,"column":22},"end":{"line":3,"column":38}},"1":{"start":{"line":6,"column":0},"end":{"line":16,"column":2}},"2":{"start":{"line":10,"column":4},"end":{"line":14,"column":5}},"3":{"start":{"line":11,"column":6},"end":{"line":11,"column":50}},"4":{"start":{"line":13,"column":6},"end":{"line":13,"column":71}},"5":{"start":{"line":18,"column":0},"end":{"line":28,"column":2}},"6":{"start":{"line":22,"column":4},"end":{"line":26,"column":5}},"7":{"start":{"line":23,"column":6},"end":{"line":23,"column":50}},"8":{"start":{"line":25,"column":6},"end":{"line":25,"column":71}}},"fnMap":{"0":{"name":"(anonymous_0)","decl":{"start":{"line":9,"column":2},"end":{"line":9,"column":3}},"loc":{"start":{"line":9,"column":35},"end":{"line":15,"column":3}},"line":9},"1":{"name":"(anonymous_1)","decl":{"start":{"line":21,"column":2},"end":{"line":21,"column":3}},"loc":{"start":{"line":21,"column":35},"end":{"line":27,"column":3}},"line":21}},"branchMap":{"0":{"loc":{"start":{"line":10,"column":4},"end":{"line":14,"column":5}},"type":"if","locations":[{"start":{"line":10,"column":4},"end":{"line":14,"column":5}},{"start":{"line":12,"column":11},"end":{"line":14,"column":5}}],"line":10},"1":{"loc":{"start":{"line":22,"column":4},"end":{"line":26,"column":5}},"type":"if","locations":[{"start":{"line":22,"column":4},"end":{"line":26,"column":5}},{"start":{"line":24,"column":11},"end":{"line":26,"column":5}}],"line":22}},"s":{"0":1,"1":1,"2":1,"3":1,"4":0,"5":1,"6":1,"7":1,"8":0},"f":{"0":1,"1":1},"b":{"0":[1,0],"1":[1,0]},"_coverageSchema":"1a1c01bbd47fc00a2c39e90264f33305004495a9","hash":"d0e6a23dff6bfe0dd8d88687db63fb817b2e22dc"}
,"/Users/jonathantsai/codesmith/ECRI-40-OSP-4/server/routes/promRouter.ts": {"path":"/Users/jonathantsai/codesmith/ECRI-40-OSP-4/server/routes/promRouter.ts","statementMap":{"0":{"start":{"line":4,"column":19},"end":{"line":4,"column":35}},"1":{"start":{"line":6,"column":0},"end":{"line":13,"column":2}},"2":{"start":{"line":11,"column":4},"end":{"line":11,"column":50}},"3":{"start":{"line":15,"column":0},"end":{"line":21,"column":2}},"4":{"start":{"line":19,"column":4},"end":{"line":19,"column":59}},"5":{"start":{"line":22,"column":0},"end":{"line":28,"column":2}},"6":{"start":{"line":26,"column":4},"end":{"line":26,"column":53}}},"fnMap":{"0":{"name":"(anonymous_0)","decl":{"start":{"line":10,"column":2},"end":{"line":10,"column":3}},"loc":{"start":{"line":10,"column":35},"end":{"line":12,"column":3}},"line":10},"1":{"name":"(anonymous_1)","decl":{"start":{"line":18,"column":2},"end":{"line":18,"column":3}},"loc":{"start":{"line":18,"column":35},"end":{"line":20,"column":3}},"line":18},"2":{"name":"(anonymous_2)","decl":{"start":{"line":25,"column":2},"end":{"line":25,"column":3}},"loc":{"start":{"line":25,"column":35},"end":{"line":27,"column":3}},"line":25}},"branchMap":{},"s":{"0":1,"1":1,"2":2,"3":1,"4":1,"5":1,"6":1},"f":{"0":2,"1":1,"2":1},"b":{},"_coverageSchema":"1a1c01bbd47fc00a2c39e90264f33305004495a9","hash":"c98d7eb4ec1acdba3ff1cb89d3affd2e9de4638d"}
,"/Users/jonathantsai/codesmith/ECRI-40-OSP-4/server/routes/statusRouter.ts": {"path":"/Users/jonathantsai/codesmith/ECRI-40-OSP-4/server/routes/statusRouter.ts","statementMap":{"0":{"start":{"line":5,"column":21},"end":{"line":5,"column":37}},"1":{"start":{"line":7,"column":0},"end":{"line":13,"column":2}},"2":{"start":{"line":11,"column":4},"end":{"line":11,"column":31}},"3":{"start":{"line":15,"column":0},"end":{"line":23,"column":2}},"4":{"start":{"line":21,"column":4},"end":{"line":21,"column":31}},"5":{"start":{"line":25,"column":0},"end":{"line":31,"column":2}},"6":{"start":{"line":29,"column":4},"end":{"line":29,"column":31}}},"fnMap":{"0":{"name":"(anonymous_0)","decl":{"start":{"line":10,"column":2},"end":{"line":10,"column":3}},"loc":{"start":{"line":10,"column":35},"end":{"line":12,"column":3}},"line":10},"1":{"name":"(anonymous_1)","decl":{"start":{"line":20,"column":2},"end":{"line":20,"column":3}},"loc":{"start":{"line":20,"column":35},"end":{"line":22,"column":3}},"line":20},"2":{"name":"(anonymous_2)","decl":{"start":{"line":28,"column":2},"end":{"line":28,"column":3}},"loc":{"start":{"line":28,"column":35},"end":{"line":30,"column":3}},"line":28}},"branchMap":{},"s":{"0":1,"1":1,"2":1,"3":1,"4":1,"5":1,"6":1},"f":{"0":1,"1":1,"2":1},"b":{},"_coverageSchema":"1a1c01bbd47fc00a2c39e90264f33305004495a9","hash":"c0f11b688169b48db6bee608820653facc1bba9e"}
}
