TN:
SF:server/server.ts
FN:33,(anonymous_0)
FN:49,(anonymous_1)
FN:56,(anonymous_2)
FN:74,(anonymous_3)
FNF:4
FNH:3
FNDA:1,(anonymous_0)
FNDA:1,(anonymous_1)
FNDA:0,(anonymous_2)
FNDA:1,(anonymous_3)
DA:13,1
DA:14,1
DA:15,1
DA:16,1
DA:17,1
DA:33,1
DA:34,1
DA:40,1
DA:43,1
DA:46,1
DA:49,1
DA:50,1
DA:51,1
DA:55,1
DA:62,0
DA:67,0
DA:68,0
DA:69,0
DA:74,1
DA:75,1
LF:20
LH:16
BRF:0
BRH:0
end_of_record
TN:
SF:server/controllers/grafanaController.ts
FN:12,(anonymous_0)
FN:21,getDashboard
FN:42,(anonymous_2)
FN:58,(anonymous_3)
FNF:4
FNH:4
FNDA:2,(anonymous_0)
FNDA:2,getDashboard
FNDA:1,(anonymous_2)
FNDA:1,(anonymous_3)
DA:7,1
DA:8,1
DA:9,1
DA:12,1
DA:13,2
DA:14,2
DA:15,2
DA:16,2
DA:17,2
DA:18,2
DA:25,2
DA:28,2
DA:31,2
DA:32,2
DA:33,2
DA:34,2
DA:35,2
DA:36,2
DA:38,0
DA:42,1
DA:43,1
DA:44,1
DA:45,1
DA:46,1
DA:47,1
DA:48,1
DA:50,0
DA:58,1
DA:59,1
DA:60,1
DA:61,1
DA:62,1
DA:63,1
DA:64,1
DA:66,0
LF:35
LH:32
BRF:0
BRH:0
end_of_record
TN:
SF:server/controllers/initializationController.ts
FN:16,(anonymous_0)
FN:25,(anonymous_1)
FN:29,(anonymous_2)
FN:30,(anonymous_3)
FN:43,(anonymous_4)
FN:59,(anonymous_5)
FN:102,(anonymous_6)
FNF:7
FNH:6
FNDA:3,(anonymous_0)
FNDA:3,(anonymous_1)
FNDA:6,(anonymous_2)
FNDA:3,(anonymous_3)
FNDA:0,(anonymous_4)
FNDA:1,(anonymous_5)
FNDA:1,(anonymous_6)
DA:16,1
DA:18,3
DA:19,3
DA:24,3
DA:25,3
DA:28,3
DA:29,6
DA:30,3
DA:32,0
DA:35,3
DA:38,1
DA:39,1
DA:40,1
DA:43,1
DA:49,0
DA:57,1
DA:59,1
DA:64,1
DA:65,1
DA:77,1
DA:78,0
DA:79,0
DA:80,0
DA:89,1
DA:90,1
DA:92,0
DA:102,1
DA:107,1
DA:116,1
DA:125,1
DA:126,1
DA:127,1
DA:139,1
DA:140,1
DA:141,0
DA:142,0
DA:143,0
DA:153,0
DA:162,1
DA:163,1
DA:175,1
DA:176,1
DA:177,0
DA:178,0
DA:179,0
DA:189,0
DA:198,1
LF:47
LH:33
BRDA:47,0,0,0
BRDA:77,1,0,0
BRDA:77,1,1,1
BRDA:139,2,0,1
BRDA:139,2,1,0
BRDA:140,3,0,0
BRDA:140,3,1,1
BRDA:175,4,0,1
BRDA:175,4,1,0
BRDA:176,5,0,0
BRDA:176,5,1,1
BRF:11
BRH:5
end_of_record
TN:
SF:server/controllers/promController.ts
FN:10,(anonymous_0)
FN:19,(anonymous_1)
FN:31,(anonymous_2)
FN:40,(anonymous_3)
FN:50,(anonymous_4)
FN:59,(anonymous_5)
FN:72,(anonymous_6)
FN:79,(anonymous_7)
FNF:8
FNH:6
FNDA:2,(anonymous_0)
FNDA:20,(anonymous_1)
FNDA:0,(anonymous_2)
FNDA:0,(anonymous_3)
FNDA:1,(anonymous_4)
FNDA:50,(anonymous_5)
FNDA:1,(anonymous_6)
FNDA:10,(anonymous_7)
DA:5,1
DA:6,1
DA:7,1
DA:8,1
DA:10,1
DA:11,2
DA:12,2
DA:14,2
DA:18,2
DA:19,2
DA:20,20
DA:23,2
DA:24,2
DA:26,0
DA:27,0
DA:31,1
DA:32,0
DA:33,0
DA:35,0
DA:39,0
DA:40,0
DA:42,0
DA:43,0
DA:45,0
DA:46,0
DA:50,1
DA:51,1
DA:52,1
DA:55,1
DA:57,1
DA:59,1
DA:60,50
DA:61,10
DA:62,10
DA:67,1
DA:68,1
DA:72,1
DA:73,1
DA:74,1
DA:77,1
DA:78,1
DA:80,10
DA:81,9
DA:83,1
DA:85,10
DA:90,1
DA:91,1
DA:93,0
LF:48
LH:36
BRDA:60,0,0,10
BRDA:60,0,1,40
BRDA:61,1,0,10
BRDA:61,1,1,0
BRDA:80,2,0,9
BRDA:80,2,1,1
BRF:6
BRH:5
end_of_record
TN:
SF:server/controllers/statusController.ts
FN:15,(anonymous_0)
FN:30,(anonymous_1)
FN:44,(anonymous_2)
FN:54,(anonymous_3)
FNF:4
FNH:2
FNDA:0,(anonymous_0)
FNDA:2,(anonymous_1)
FNDA:1,(anonymous_2)
FNDA:0,(anonymous_3)
DA:12,1
DA:15,1
DA:21,0
DA:30,1
DA:35,2
DA:36,2
DA:38,2
DA:39,2
DA:41,2
DA:44,1
DA:49,1
DA:50,1
DA:51,0
DA:52,0
DA:53,0
DA:54,0
DA:55,0
DA:56,0
DA:57,0
DA:58,0
DA:59,0
DA:60,0
DA:68,0
DA:71,0
DA:81,1
LF:25
LH:12
BRDA:19,0,0,0
BRDA:50,1,0,0
BRDA:50,1,1,1
BRDA:55,2,0,0
BRDA:55,2,1,0
BRDA:58,3,0,0
BRDA:58,3,1,0
BRF:7
BRH:1
end_of_record
TN:
SF:server/controllers/helpers/statusHelpers.ts
FN:10,(anonymous_0)
FN:25,(anonymous_1)
FN:49,(anonymous_2)
FN:128,(anonymous_3)
FN:134,(anonymous_4)
FN:138,(anonymous_5)
FN:149,(anonymous_6)
FNF:7
FNH:2
FNDA:0,(anonymous_0)
FNDA:3,(anonymous_1)
FNDA:3,(anonymous_2)
FNDA:0,(anonymous_3)
FNDA:0,(anonymous_4)
FNDA:0,(anonymous_5)
FNDA:0,(anonymous_6)
DA:7,1
DA:8,1
DA:10,1
DA:16,0
DA:25,1
DA:30,3
DA:31,3
DA:32,3
DA:34,0
DA:35,0
DA:44,0
DA:49,1
DA:55,3
DA:56,3
DA:66,0
DA:67,0
DA:76,0
DA:81,3
DA:83,3
DA:84,33
DA:86,33
DA:87,33
DA:88,33
DA:92,3
DA:94,0
DA:95,0
DA:96,0
DA:103,0
DA:104,0
DA:111,0
DA:112,0
DA:119,0
DA:124,0
DA:128,1
DA:129,0
DA:130,0
DA:134,0
DA:135,0
DA:138,0
DA:139,0
DA:149,0
DA:150,0
DA:151,0
DA:152,0
DA:153,0
DA:162,0
DA:175,0
DA:177,0
LF:48
LH:18
BRDA:14,0,0,0
BRDA:28,1,0,3
BRDA:34,2,0,0
BRDA:34,2,1,0
BRDA:52,3,0,2
BRDA:66,4,0,0
BRDA:66,4,1,0
BRDA:83,5,0,36
BRDA:83,5,1,33
BRDA:83,6,0,36
BRDA:83,6,1,12
BRDA:83,6,2,3
BRDA:86,7,0,3
BRDA:86,7,1,30
BRDA:87,8,0,3
BRDA:87,8,1,30
BRDA:88,9,0,3
BRDA:88,9,1,30
BRDA:92,10,0,3
BRDA:92,10,1,0
BRDA:92,11,0,3
BRDA:92,11,1,3
BRDA:92,11,2,3
BRDA:94,12,0,0
BRDA:94,12,1,0
BRDA:95,13,0,0
BRDA:95,13,1,0
BRDA:103,14,0,0
BRDA:103,14,1,0
BRDA:111,15,0,0
BRDA:111,15,1,0
BRDA:150,16,0,0
BRDA:150,16,1,0
BRDA:152,17,0,0
BRDA:152,17,1,0
BRF:35
BRH:17
end_of_record
TN:
SF:server/routes/grafanaRouter.ts
FN:9,(anonymous_0)
FN:21,(anonymous_1)
FNF:2
FNH:2
FNDA:1,(anonymous_0)
FNDA:1,(anonymous_1)
DA:3,1
DA:6,1
DA:10,1
DA:11,1
DA:13,0
DA:18,1
DA:22,1
DA:23,1
DA:25,0
LF:9
LH:7
BRDA:10,0,0,1
BRDA:10,0,1,0
BRDA:22,1,0,1
BRDA:22,1,1,0
BRF:4
BRH:2
end_of_record
TN:
SF:server/routes/promRouter.ts
FN:10,(anonymous_0)
FN:18,(anonymous_1)
FN:25,(anonymous_2)
FNF:3
FNH:3
FNDA:2,(anonymous_0)
FNDA:1,(anonymous_1)
FNDA:1,(anonymous_2)
DA:4,1
DA:6,1
DA:11,2
DA:15,1
DA:19,1
DA:22,1
DA:26,1
LF:7
LH:7
BRF:0
BRH:0
end_of_record
TN:
SF:server/routes/statusRouter.ts
FN:10,(anonymous_0)
FN:20,(anonymous_1)
FN:28,(anonymous_2)
FNF:3
FNH:3
FNDA:1,(anonymous_0)
FNDA:1,(anonymous_1)
FNDA:1,(anonymous_2)
DA:5,1
DA:7,1
DA:11,1
DA:15,1
DA:21,1
DA:25,1
DA:29,1
LF:7
LH:7
BRF:0
BRH:0
end_of_record
